0	0.01975894	LabVIEW.exe	IRP_MJ_CREATE	VCP1	SUCCESS	Options: Open 	
1	0.00000335	LabVIEW.exe	IOCTL_SERIAL_GET_BAUD_RATE	VCP1	SUCCESS		
2	0.00000196	LabVIEW.exe	IOCTL_SERIAL_GET_LINE_CONTROL	VCP1	SUCCESS		
3	0.00000196	LabVIEW.exe	IOCTL_SERIAL_GET_CHARS	VCP1	SUCCESS		
4	0.00000168	LabVIEW.exe	IOCTL_SERIAL_GET_HANDFLOW	VCP1	SUCCESS		
5	0.00028272	LabVIEW.exe	IOCTL_SERIAL_SET_BAUD_RATE	VCP1	SUCCESS	Rate: 9600	
6	0.00023495	LabVIEW.exe	IOCTL_SERIAL_SET_RTS	VCP1	SUCCESS		
7	0.00023886	LabVIEW.exe	IOCTL_SERIAL_SET_DTR	VCP1	SUCCESS		
8	0.00024165	LabVIEW.exe	IOCTL_SERIAL_SET_LINE_CONTROL	VCP1	SUCCESS	StopBits: 1 Parity: NONE WordLength: 8	
9	0.00000168	LabVIEW.exe	IOCTL_SERIAL_SET_CHAR	VCP1	SUCCESS	EOF:0 ERR:0 BRK:0 EVT:0 XON:11 XOFF:13	
10	0.00021176	LabVIEW.exe	IOCTL_SERIAL_SET_HANDFLOW	VCP1	SUCCESS	Shake:1 Replace:40 XonLimit:64 XoffLimit:64	
11	0.00000168	LabVIEW.exe	IOCTL_SERIAL_SET_QUEUE_SIZE	VCP1	SUCCESS	InSize: 640 OutSize: 640	
12	0.00000223	LabVIEW.exe	IOCTL_SERIAL_SET_TIMEOUTS	VCP1	SUCCESS	RI:-1 RM:0 RC:0 WM:0 WC:500	
13	0.00000223	LabVIEW.exe	IOCTL_SERIAL_GET_COMMSTATUS	VCP1	SUCCESS		
14	0.00030898	LabVIEW.exe	IOCTL_SERIAL_SET_RTS	VCP1	SUCCESS		
15	0.00023662	LabVIEW.exe	IOCTL_SERIAL_SET_DTR	VCP1	SUCCESS		
16	0.00000251	LabVIEW.exe	IOCTL_SERIAL_GET_BAUD_RATE	VCP1	SUCCESS		
17	0.00000223	LabVIEW.exe	IOCTL_SERIAL_GET_LINE_CONTROL	VCP1	SUCCESS		
18	0.00000196	LabVIEW.exe	IOCTL_SERIAL_GET_CHARS	VCP1	SUCCESS		
19	0.00000140	LabVIEW.exe	IOCTL_SERIAL_GET_HANDFLOW	VCP1	SUCCESS		
20	0.00028775	LabVIEW.exe	IOCTL_SERIAL_SET_BAUD_RATE	VCP1	SUCCESS	Rate: 9600	
21	0.00023327	LabVIEW.exe	IOCTL_SERIAL_SET_DTR	VCP1	SUCCESS		
22	0.00023550	LabVIEW.exe	IOCTL_SERIAL_SET_LINE_CONTROL	VCP1	SUCCESS	StopBits: 1 Parity: NONE WordLength: 8	
23	0.00000196	LabVIEW.exe	IOCTL_SERIAL_SET_CHAR	VCP1	SUCCESS	EOF:0 ERR:0 BRK:0 EVT:0 XON:11 XOFF:13	
24	0.00059924	LabVIEW.exe	IOCTL_SERIAL_SET_HANDFLOW	VCP1	SUCCESS	Shake:9 Replace:83 XonLimit:64 XoffLimit:64	
25	0.00000307	LabVIEW.exe	IOCTL_SERIAL_SET_QUEUE_SIZE	VCP1	SUCCESS	InSize: 640 OutSize: 640	
26	0.00000196	LabVIEW.exe	IOCTL_SERIAL_SET_TIMEOUTS	VCP1	SUCCESS	RI:-1 RM:0 RC:0 WM:0 WC:500	
27	0.00000698	LabVIEW.exe	IOCTL_SERIAL_PURGE	VCP1	SUCCESS	Purge: RXABORT RXCLEAR	
28	0.00000251	LabVIEW.exe	IOCTL_SERIAL_GET_COMMSTATUS	VCP1	SUCCESS		
29	0.00000196	LabVIEW.exe	IOCTL_SERIAL_GET_COMMSTATUS	VCP1	SUCCESS		
30	0.00032406	LabVIEW.exe	IRP_MJ_WRITE	VCP1	SUCCESS	Length 20: (Display(BackLt 1)).	
31	0.00000196	LabVIEW.exe	IRP_MJ_FLUSH_BUFFERS	VCP1	SUCCESS		
32	0.00000531	LabVIEW.exe	IOCTL_SERIAL_GET_COMMSTATUS	VCP1	SUCCESS		
33	0.00000196	LabVIEW.exe	IOCTL_SERIAL_GET_COMMSTATUS	VCP1	SUCCESS		
34	0.00000223	LabVIEW.exe	IOCTL_SERIAL_SET_TIMEOUTS	VCP1	SUCCESS	RI:-1 RM:0 RC:10000 WM:0 WC:500	
35	9.99941585	LabVIEW.exe	IRP_MJ_READ	VCP1	TIMEOUT	Length 0: 	
36	0.00000391	LabVIEW.exe	IOCTL_SERIAL_GET_COMMSTATUS	VCP1	SUCCESS		
37	0.00000223	LabVIEW.exe	IOCTL_SERIAL_GET_COMMSTATUS	VCP1	SUCCESS		
38	0.00000475	LabVIEW.exe	IOCTL_SERIAL_CLR_RTS	VCP1	INVALID PARAMETER		
39	0.00034921	LabVIEW.exe	IOCTL_SERIAL_CLR_DTR	VCP1	SUCCESS		
40	0.00000391	LabVIEW.exe	IOCTL_SERIAL_PURGE	VCP1	SUCCESS	Purge: TXABORT RXABORT TXCLEAR RXCLEAR	
41	0.00000307	LabVIEW.exe	IRP_MJ_CLEANUP	VCP1	SUCCESS		
42	0.11078391	LabVIEW.exe	IRP_MJ_CLOSE	VCP1	SUCCESS		
