0	0.00000559	LI7000.exe	IOCTL_SERIAL_GET_COMMSTATUS	VCP1	SUCCESS		
1	0.19732508	LI7000.exe	IRP_MJ_WRITE	VCP1	SUCCESS	Length 306: (RS232 (Rate Polled)(CheckSum Off)(Sources ("Aux1" "Aux2" "CO2 A	
2	0.00000196	LI7000.exe	IOCTL_SERIAL_GET_COMMSTATUS	VCP1	SUCCESS		
3	0.00000475	LI7000.exe	IOCTL_SERIAL_GET_COMMSTATUS	VCP1	SUCCESS		
4	0.00000279	LI7000.exe	IOCTL_SERIAL_GET_BAUD_RATE	VCP1	SUCCESS		
5	0.00000223	LI7000.exe	IOCTL_SERIAL_GET_LINE_CONTROL	VCP1	SUCCESS		
6	0.00000168	LI7000.exe	IOCTL_SERIAL_GET_CHARS	VCP1	SUCCESS		
7	0.00000196	LI7000.exe	IOCTL_SERIAL_GET_HANDFLOW	VCP1	SUCCESS		
8	0.00029166	LI7000.exe	IOCTL_SERIAL_SET_BAUD_RATE	VCP1	SUCCESS	Rate: 9600	
9	0.00022573	LI7000.exe	IOCTL_SERIAL_SET_RTS	VCP1	SUCCESS		
10	0.00023718	LI7000.exe	IOCTL_SERIAL_SET_DTR	VCP1	SUCCESS		
11	0.00035703	LI7000.exe	IOCTL_SERIAL_SET_LINE_CONTROL	VCP1	SUCCESS	StopBits: 1 Parity: NONE WordLength: 8	
12	0.00000168	LI7000.exe	IOCTL_SERIAL_SET_CHAR	VCP1	SUCCESS	EOF:0 ERR:0 BRK:0 EVT:a XON:11 XOFF:13	
13	0.00022070	LI7000.exe	IOCTL_SERIAL_SET_HANDFLOW	VCP1	SUCCESS	Shake:1 Replace:80000040 XonLimit:256 XoffLimit:128	
14	0.00000196	LI7000.exe	IOCTL_SERIAL_GET_BAUD_RATE	VCP1	SUCCESS		
15	0.00000168	LI7000.exe	IOCTL_SERIAL_GET_LINE_CONTROL	VCP1	SUCCESS		
16	0.00000140	LI7000.exe	IOCTL_SERIAL_GET_CHARS	VCP1	SUCCESS		
17	0.00000168	LI7000.exe	IOCTL_SERIAL_GET_HANDFLOW	VCP1	SUCCESS		
18	0.00030842	LI7000.exe	IOCTL_SERIAL_SET_BAUD_RATE	VCP1	SUCCESS	Rate: 115200	
19	0.00023746	LI7000.exe	IOCTL_SERIAL_SET_RTS	VCP1	SUCCESS		
20	0.00023802	LI7000.exe	IOCTL_SERIAL_SET_DTR	VCP1	SUCCESS		
21	0.00023523	LI7000.exe	IOCTL_SERIAL_SET_LINE_CONTROL	VCP1	SUCCESS	StopBits: 1 Parity: NONE WordLength: 8	
22	0.00000168	LI7000.exe	IOCTL_SERIAL_SET_CHAR	VCP1	SUCCESS	EOF:0 ERR:0 BRK:0 EVT:a XON:11 XOFF:13	
23	0.00022573	LI7000.exe	IOCTL_SERIAL_SET_HANDFLOW	VCP1	SUCCESS	Shake:1 Replace:80000040 XonLimit:256 XoffLimit:128	
24	0.00000307	LI7000.exe	IOCTL_SERIAL_PURGE	VCP1	SUCCESS	Purge: RXCLEAR	
25	0.00000196	LI7000.exe	IOCTL_SERIAL_PURGE	VCP1	SUCCESS	Purge: TXCLEAR 	
26	0.00033943	LI7000.exe	IOCTL_SERIAL_CLR_DTR	VCP1	SUCCESS		
27	0.00022517	LI7000.exe	IOCTL_SERIAL_CLR_RTS	VCP1	SUCCESS		
28	0.00000279	LI7000.exe	IRP_MJ_CLEANUP	VCP1	SUCCESS		
29	0.11637429	LI7000.exe	IRP_MJ_CLOSE	VCP1	SUCCESS		
