0	0.00000587	LI7000.exe	IOCTL_SERIAL_GET_COMMSTATUS	VCP1	SUCCESS		
1	0.00031680	LI7000.exe	IRP_MJ_WRITE	VCP1	SUCCESS	Length 19: (Display(BackLt 0))	
2	0.00000196	LI7000.exe	IOCTL_SERIAL_GET_COMMSTATUS	VCP1	SUCCESS		
3	0.00046095	LI7000.exe	IRP_MJ_WRITE	VCP1	SUCCESS	Length 2: ..	
4	0.00000419	LI7000.exe	IOCTL_SERIAL_GET_COMMSTATUS	VCP1	SUCCESS		
5	0.00000168	LI7000.exe	IOCTL_SERIAL_GET_COMMSTATUS	VCP1	SUCCESS		
6	0.00000419	LI7000.exe	IRP_MJ_READ	VCP1	SUCCESS	Length 1: .	
7	0.00000196	LI7000.exe	IOCTL_SERIAL_GET_COMMSTATUS	VCP1	SUCCESS		
8	0.00000279	LI7000.exe	IRP_MJ_READ	VCP1	SUCCESS	Length 1: O	
9	0.00000196	LI7000.exe	IOCTL_SERIAL_GET_COMMSTATUS	VCP1	SUCCESS		
10	0.00000251	LI7000.exe	IRP_MJ_READ	VCP1	SUCCESS	Length 1: K	
11	0.00000196	LI7000.exe	IOCTL_SERIAL_GET_COMMSTATUS	VCP1	SUCCESS		
12	0.00000279	LI7000.exe	IRP_MJ_READ	VCP1	SUCCESS	Length 1: .	
13	7.44835419	LI7000.exe	IOCTL_SERIAL_WAIT_ON_MASK	VCP1	SUCCESS		
14	0.00000587	LI7000.exe	IOCTL_SERIAL_GET_COMMSTATUS	VCP1	SUCCESS		
15	0.00035284	LI7000.exe	IRP_MJ_WRITE	VCP1	SUCCESS	Length 19: (Display(BackLt 3))	
16	0.00000196	LI7000.exe	IOCTL_SERIAL_GET_COMMSTATUS	VCP1	SUCCESS		
17	0.00049001	LI7000.exe	IRP_MJ_WRITE	VCP1	SUCCESS	Length 2: ..	
18	0.00000363	LI7000.exe	IOCTL_SERIAL_GET_COMMSTATUS	VCP1	SUCCESS		
19	0.00000168	LI7000.exe	IOCTL_SERIAL_GET_COMMSTATUS	VCP1	SUCCESS		
20	0.00000447	LI7000.exe	IRP_MJ_READ	VCP1	SUCCESS	Length 1: .	
21	0.00000168	LI7000.exe	IOCTL_SERIAL_GET_COMMSTATUS	VCP1	SUCCESS		
22	0.00000251	LI7000.exe	IRP_MJ_READ	VCP1	SUCCESS	Length 1: O	
23	0.00000196	LI7000.exe	IOCTL_SERIAL_GET_COMMSTATUS	VCP1	SUCCESS		
24	0.00000251	LI7000.exe	IRP_MJ_READ	VCP1	SUCCESS	Length 1: K	
25	0.00000168	LI7000.exe	IOCTL_SERIAL_GET_COMMSTATUS	VCP1	SUCCESS		
26	0.00000251	LI7000.exe	IRP_MJ_READ	VCP1	SUCCESS	Length 1: .	
27	0.00000000	LI7000.exe	IOCTL_SERIAL_WAIT_ON_MASK	VCP1			
